<object-stream>
<org.drools.core.audit.WorkingMemoryLog>
  <version>6.1</version>
  <events>
    <org.drools.core.audit.event.ActivationLogEvent>
      <type>4</type>
      <activationId>Hello World [0]</activationId>
      <rule>Hello World</rule>
      <declarations></declarations>
      <factHandleIds>0</factHandleIds>
    </org.drools.core.audit.event.ActivationLogEvent>
    <org.drools.core.audit.event.ActivationLogEvent>
      <type>6</type>
      <activationId>Hello World [0]</activationId>
      <rule>Hello World</rule>
      <declarations></declarations>
      <factHandleIds>0</factHandleIds>
    </org.drools.core.audit.event.ActivationLogEvent>
    <org.drools.core.audit.event.ActivationLogEvent>
      <type>7</type>
      <activationId>Hello World [0]</activationId>
      <rule>Hello World</rule>
      <declarations></declarations>
      <factHandleIds>0</factHandleIds>
    </org.drools.core.audit.event.ActivationLogEvent>
  </events>
  <engine>PHREAK</engine>
</org.drools.core.audit.WorkingMemoryLog>
</object-stream>
